c:\users\ุณ7ุณ\documents\visual studio 2012\projects\even odds\even odds\debug\source.obj
c:\users\ุณ7ุณ\documents\visual studio 2012\projects\even odds\even odds\debug\vc110.pdb
d:\rules\college\software projects\even odds\even odds\debug\vc142.pdb
d:\rules\college\software projects\even odds\even odds\debug\vc142.idb
d:\rules\college\software projects\even odds\even odds\debug\source.obj
d:\rules\college\software projects\even odds\debug\even odds.exe
d:\rules\college\software projects\even odds\debug\even odds.ilk
d:\rules\college\software projects\even odds\debug\even odds.pdb
d:\rules\college\software projects\even odds\even odds\debug\cl.command.1.tlog
d:\rules\college\software projects\even odds\even odds\debug\cl.read.1.tlog
d:\rules\college\software projects\even odds\even odds\debug\cl.write.1.tlog
d:\rules\college\software projects\even odds\even odds\debug\link-cvtres.read.1.tlog
d:\rules\college\software projects\even odds\even odds\debug\link-cvtres.write.1.tlog
d:\rules\college\software projects\even odds\even odds\debug\link-rc.read.1.tlog
d:\rules\college\software projects\even odds\even odds\debug\link-rc.write.1.tlog
d:\rules\college\software projects\even odds\even odds\debug\link.command.1.tlog
d:\rules\college\software projects\even odds\even odds\debug\link.read.1.tlog
d:\rules\college\software projects\even odds\even odds\debug\link.write.1.tlog
d:\rules\college\software projects\even odds\even odds\debug\vc110.idb
d:\rules\college\software projects\even odds\even odds\debug\vc110.pdb
d:\rules\college\software projects\even odds\even odds\debug\even odds.tlog\cl.command.1.tlog
d:\rules\college\software projects\even odds\even odds\debug\even odds.tlog\cl.read.1.tlog
d:\rules\college\software projects\even odds\even odds\debug\even odds.tlog\cl.write.1.tlog
d:\rules\college\software projects\even odds\even odds\debug\even odds.tlog\link.command.1.tlog
d:\rules\college\software projects\even odds\even odds\debug\even odds.tlog\link.delete.1.tlog
d:\rules\college\software projects\even odds\even odds\debug\even odds.tlog\link.read.1.tlog
d:\rules\college\software projects\even odds\even odds\debug\even odds.tlog\link.write.1.tlog
